30; [8,9,3,3,7] : [[29, 28, 27, 26, 24, 22, 25, 21][23, 20, 16, 11, 19, 6, 17, 5, 10][15, 8, 0][13, 7, 1][18, 9, 2, 12, 3, 14, 4]] PASS
30; [17,3,3,7] : [[29, 28, 27, 26, 24, 22, 25, 21, 18, 23, 19, 8, 20, 6, 17, 3, 12][15, 10, 2][13, 7, 0][16, 9, 1, 11, 5, 14, 4]] PASS
30; [9,3,3,15] : [[29, 28, 27, 26, 24, 22, 25, 21, 18][23, 19, 13][17, 9, 4][20, 8, 3, 16, 7, 14, 2, 10, 0, 11, 5, 12, 1, 15, 6]] PASS
30; [10,3,3,14] : [[29, 28, 27, 26, 24, 22, 25, 21, 18, 23][20, 16, 8][19, 9, 4][17, 7, 15, 6, 12, 5, 11, 0, 13, 2, 14, 1, 10, 3]] PASS
30; [3,3,11,13] : [[29, 28, 27][26, 25, 23][24, 22, 19, 15, 21, 17, 12, 7, 20, 5, 11][18, 8, 1, 9, 0, 14, 3, 10, 2, 13, 4, 16, 6]] PASS
30; [3,3,12,12] : [[29, 28, 27][26, 25, 23][24, 22, 19, 15, 21, 17, 12, 7, 20, 10, 3, 9][18, 6, 14, 4, 13, 1, 8, 0, 11, 2, 16, 5]] PASS
30; [24,3,3] : [[29, 28, 27, 26, 24, 22, 25, 21, 18, 23, 19, 12, 7, 20, 6, 17, 5, 16, 4, 13, 3, 11, 1, 10][15, 9, 2][14, 8, 0]] PASS
30; [3,4,4,4,4,4,7] : [[29, 28, 27][26, 25, 23, 21][24, 20, 17, 14][22, 18, 4, 9][19, 7, 15, 6][12, 5, 11, 0][16, 8, 2, 13, 3, 10, 1]] PASS
30; [3,4,4,4,4,5,6] : [[29, 28, 27][26, 25, 23, 21][24, 20, 17, 14][22, 18, 4, 9][19, 7, 15, 6][16, 8, 2, 13, 1][12, 5, 11, 0, 10, 3]] PASS
30; [3,11,4,4,4,4] : [[29, 28, 27][26, 25, 23, 21, 24, 20, 17, 22, 18, 7, 12][19, 8, 16, 4][15, 5, 11, 2][14, 6, 13, 1][10, 3, 9, 0]] PASS
30; [3,3,3,3,3,4,5,6] : [[29, 28, 27][26, 25, 23][24, 22, 19][21, 17, 12][20, 10, 6][18, 7, 13, 5][16, 8, 1, 14, 4][15, 3, 9, 2, 11, 0]] PASS
30; [3,4,4,4,5,5,5] : [[29, 28, 27][26, 25, 23, 21][24, 20, 17, 14][22, 15, 6, 10][19, 9, 3, 18, 5][16, 8, 1, 12, 4][13, 7, 2, 11, 0]] PASS
30; [10,3,4,4,4,5] : [[29, 28, 27, 26, 24, 22, 25, 21, 18, 23][20, 16, 8][19, 7, 15, 6][17, 4, 13, 2][12, 5, 11, 1][14, 9, 3, 10, 0]] PASS
30; [9,3,4,4,4,6] : [[29, 28, 27, 26, 24, 22, 25, 21, 18][23, 19, 13][20, 9, 3, 8][17, 5, 12, 4][15, 2, 10, 1][16, 7, 14, 0, 11, 6]] PASS
30; [8,3,4,4,4,7] : [[29, 28, 27, 26, 24, 22, 25, 21][23, 20, 16][19, 9, 18, 7][17, 6, 15, 2][12, 5, 10, 4][14, 8, 3, 11, 1, 13, 0]] PASS
30; [3,4,4,4,15] : [[29, 28, 27][26, 25, 23, 21][24, 20, 17, 14][22, 18, 4, 9][19, 8, 2, 15, 6, 16, 1, 10, 3, 11, 0, 12, 5, 13, 7]] PASS
30; [9,3,4,4,5,5] : [[29, 28, 27, 26, 24, 22, 25, 21, 18][23, 19, 13][20, 7, 17, 6][12, 5, 10, 4][16, 8, 1, 15, 3][14, 9, 0, 11, 2]] PASS
30; [8,3,4,4,5,6] : [[29, 28, 27, 26, 24, 22, 25, 21][23, 20, 16][19, 9, 18, 7][17, 6, 11, 2][15, 3, 8, 14, 1][13, 5, 12, 4, 10, 0]] PASS
30; [3,4,4,5,7,7] : [[29, 28, 27][26, 25, 23, 21][24, 20, 17, 14][22, 18, 6, 19, 7][16, 9, 4, 12, 3, 11, 5][15, 8, 2, 13, 0, 10, 1]] PASS
30; [3,4,4,5,14] : [[29, 28, 27][26, 25, 23, 21][24, 20, 17, 14][22, 18, 9, 3, 8][19, 7, 16, 5, 12, 4, 10, 2, 15, 0, 11, 1, 13, 6]] PASS
30; [3,4,4,6,6,7] : [[29, 28, 27][26, 25, 23, 21][24, 20, 17, 14][22, 18, 9, 4, 16, 7][19, 6, 12, 1, 11, 5][15, 8, 0, 13, 2, 10, 3]] PASS
30; [3,3,3,3,3,11,4] : [[29, 28, 27][26, 25, 23][24, 22, 19][21, 17, 12][20, 10, 6][18, 8, 2, 14, 7, 16, 3, 9, 1, 13, 5][15, 4, 11, 0]] PASS
30; [3,4,4,13,6] : [[29, 28, 27][26, 25, 23, 21][24, 20, 17, 14][22, 18, 9, 4, 19, 7, 15, 6, 16, 3, 10, 2, 8][13, 1, 12, 5, 11, 0]] PASS
30; [4,4,3,12,7] : [[29, 28, 27, 26][25, 23, 21, 18][24, 20, 17][22, 14, 6, 19, 7, 12, 3, 16, 4, 13, 2, 8][15, 9, 5, 10, 0, 11, 1]] PASS
30; [8,3,11,4,4] : [[29, 28, 27, 26, 24, 22, 25, 21][23, 20, 16][19, 10, 5, 18, 8, 17, 7, 13, 2, 14, 6][15, 1, 12, 0][11, 4, 9, 3]] PASS
30; [9,10,3,4,4] : [[29, 28, 27, 26, 24, 22, 25, 21, 18][23, 19, 14, 9, 20, 7, 17, 5, 12, 6][16, 8, 2][15, 4, 13, 0][11, 3, 10, 1]] PASS
30; [3,19,4,4] : [[29, 28, 27][26, 25, 23, 21, 24, 20, 17, 22, 18, 9, 4, 16, 8, 2, 13, 6, 12, 3, 10][19, 7, 15, 5][14, 1, 11, 0]] PASS
30; [8,3,4,5,5,5] : [[29, 28, 27, 26, 24, 22, 25, 21][23, 20, 15][19, 8, 18, 6][17, 10, 4, 16, 2][14, 9, 0, 11, 1][13, 7, 3, 12, 5]] PASS
30; [3,4,5,5,6,7] : [[29, 28, 27][26, 25, 23, 21][24, 20, 17, 22, 14][19, 10, 7, 18, 6][16, 5, 11, 4, 13, 3][15, 1, 9, 2, 8, 12, 0]] PASS
30; [3,4,5,5,13] : [[29, 28, 27][26, 25, 23, 21][24, 20, 17, 22, 14][19, 10, 7, 18, 6][16, 8, 4, 15, 0, 13, 1, 11, 5, 12, 3, 9, 2]] PASS
30; [3,4,5,6,6,6] : [[29, 28, 27][26, 25, 23, 21][24, 20, 17, 22, 15][19, 8, 18, 7, 11, 5][16, 3, 12, 0, 13, 1][14, 6, 9, 2, 10, 4]] PASS
30; [4,3,12,5,6] : [[29, 28, 27, 26][25, 23, 21][24, 20, 17, 22, 19, 9, 4, 18, 7, 16, 3, 10][15, 8, 2, 14, 6][13, 5, 11, 1, 12, 0]] PASS
30; [3,3,3,3,3,5,5,5] : [[29, 28, 27][26, 25, 23][24, 22, 19][21, 17, 11][20, 10, 6][18, 9, 3, 12, 5][16, 8, 0, 15, 4][14, 7, 2, 13, 1]] PASS
30; [3,11,4,5,7] : [[29, 28, 27][26, 25, 23, 21, 24, 20, 17, 22, 18, 6, 11][19, 7, 16, 5][15, 9, 2, 12, 4][14, 8, 0, 13, 3, 10, 1]] PASS
30; [8,10,3,4,5] : [[29, 28, 27, 26, 24, 22, 25, 21][23, 20, 16, 11, 19, 10, 5, 15, 3, 9][17, 8, 2][14, 4, 12, 1][18, 7, 0, 13, 6]] PASS
30; [9,9,3,4,5] : [[29, 28, 27, 26, 24, 22, 25, 21, 18][23, 19, 14, 9, 20, 6, 16, 2, 10][13, 7, 1][15, 5, 12, 3][17, 8, 0, 11, 4]] PASS
30; [18,3,4,5] : [[29, 28, 27, 26, 24, 22, 25, 21, 18, 23, 19, 12, 7, 20, 6, 16, 3, 10][15, 9, 1][14, 4, 13, 2][17, 8, 0, 11, 5]] PASS
30; [3,11,4,6,6] : [[29, 28, 27][26, 25, 23, 21, 24, 20, 17, 22, 18, 7, 12][19, 8, 16, 6][15, 3, 10, 4, 13, 0][14, 5, 11, 1, 9, 2]] PASS
30; [10,3,4,6,7] : [[29, 28, 27, 26, 24, 22, 25, 21, 18, 23][20, 16, 8][19, 7, 17, 6][15, 1, 12, 3, 13, 0][14, 9, 2, 10, 4, 11, 5]] PASS
30; [8,9,3,4,6] : [[29, 28, 27, 26, 24, 22, 25, 21][23, 20, 16, 11, 19, 10, 5, 18, 8][12, 6, 0][17, 7, 14, 3][15, 4, 13, 1, 9, 2]] PASS
30; [17,3,4,6] : [[29, 28, 27, 26, 24, 22, 25, 21, 18, 23, 19, 13, 7, 20, 6, 17, 8][16, 9, 4][15, 5, 14, 1][12, 2, 10, 3, 11, 0]] PASS
30; [9,3,4,7,7] : [[29, 28, 27, 26, 24, 22, 25, 21, 18][23, 19, 13][20, 7, 17, 6][16, 9, 4, 15, 3, 11, 2][14, 8, 0, 12, 5, 10, 1]] PASS
30; [8,8,3,4,7] : [[29, 28, 27, 26, 24, 22, 25, 21][23, 20, 16, 11, 19, 10, 4, 9][15, 7, 0][14, 3, 13, 1][18, 6, 17, 8, 2, 12, 5]] PASS
30; [10,3,3,3,3,3,5] : [[29, 28, 27, 26, 24, 22, 25, 21, 18, 14][23, 13, 6][20, 11, 5][19, 8, 3][17, 9, 1][15, 10, 4][16, 7, 0, 12, 2]] PASS
30; [16,3,4,7] : [[29, 28, 27, 26, 24, 22, 25, 21, 18, 23, 19, 12, 7, 17, 4, 10][16, 9, 3][14, 5, 13, 2][20, 8, 0, 11, 1, 15, 6]] PASS
30; [8,3,4,15] : [[29, 28, 27, 26, 24, 22, 25, 21][23, 20, 16][19, 9, 18, 7][17, 8, 3, 15, 5, 13, 0, 14, 1, 12, 6, 11, 4, 10, 2]] PASS
30; [9,3,4,14] : [[29, 28, 27, 26, 24, 22, 25, 21, 18][23, 19, 13][20, 9, 3, 8][17, 6, 16, 7, 15, 1, 14, 0, 12, 5, 10, 2, 11, 4]] PASS
30; [10,3,4,13] : [[29, 28, 27, 26, 24, 22, 25, 21, 18, 23][20, 16, 8][19, 7, 17, 6][15, 9, 4, 13, 3, 10, 2, 11, 5, 12, 1, 14, 0]] PASS
30; [3,4,11,12] : [[29, 28, 27][26, 25, 23, 21][24, 20, 17, 22, 19, 10, 6, 18, 8, 2, 9][16, 7, 15, 5, 11, 4, 12, 1, 13, 0, 14, 3]] PASS
30; [3,4,23] : [[29, 28, 27][26, 25, 23, 21][24, 20, 17, 22, 19, 10, 6, 18, 8, 2, 16, 7, 15, 5, 12, 4, 11, 0, 13, 1, 14, 3, 9]] PASS
30; [3,5,5,5,5,7] : [[29, 28, 27][26, 25, 23, 21, 18][24, 20, 17, 22, 10][19, 9, 5, 16, 7][15, 8, 2, 13, 0][14, 4, 11, 3, 12, 6, 1]] PASS
30; [3,5,5,5,6,6] : [[29, 28, 27][26, 25, 23, 21, 18][24, 20, 17, 22, 11][19, 9, 5, 16, 7][15, 6, 13, 1, 14, 0][12, 4, 10, 3, 8, 2]] PASS
30; [3,12,5,5,5] : [[29, 28, 27][26, 25, 23, 21, 24, 20, 17, 22, 15, 10, 2, 11][19, 9, 0, 12, 6][18, 5, 16, 8, 4][14, 7, 1, 13, 3]] PASS
30; [3,11,5,5,6] : [[29, 28, 27][26, 25, 23, 21, 24, 20, 17, 22, 18, 6, 11][19, 9, 3, 16, 7][14, 8, 1, 10, 0][15, 4, 12, 5, 13, 2]] PASS
30; [9,3,3,3,3,3,6] : [[29, 28, 27, 26, 24, 22, 25, 21, 18][23, 19, 10][20, 9, 4][17, 11, 5][15, 7, 0][13, 8, 1][16, 6, 14, 3, 12, 2]] PASS
30; [10,3,5,5,7] : [[29, 28, 27, 26, 24, 22, 25, 21, 18, 23][20, 14, 7][19, 10, 6, 17, 5][16, 9, 3, 11, 1][15, 4, 13, 8, 0, 12, 2]] PASS
30; [8,9,3,5,5] : [[29, 28, 27, 26, 24, 22, 25, 21][23, 20, 16, 11, 19, 6, 17, 5, 10][15, 8, 0][18, 9, 3, 13, 4][14, 7, 1, 12, 2]] PASS
30; [17,3,5,5] : [[29, 28, 27, 26, 24, 22, 25, 21, 18, 23, 19, 8, 20, 6, 17, 4, 12][13, 7, 1][16, 9, 2, 11, 3][15, 10, 0, 14, 5]] PASS
30; [10,3,5,6,6] : [[29, 28, 27, 26, 24, 22, 25, 21, 18, 23][20, 16, 8][19, 9, 4, 17, 7][15, 1, 14, 5, 11, 0][13, 6, 12, 3, 10, 2]] PASS
30; [9,3,5,6,7] : [[29, 28, 27, 26, 24, 22, 25, 21, 18][23, 19, 13][20, 9, 4, 17, 7][16, 5, 11, 6, 14, 2][15, 8, 0, 12, 3, 10, 1]] PASS
30; [8,8,3,5,6] : [[29, 28, 27, 26, 24, 22, 25, 21][23, 20, 16, 11, 19, 10, 4, 9][14, 7, 1][18, 8, 0, 12, 5][17, 6, 15, 3, 13, 2]] PASS
30; [16,3,5,6] : [[29, 28, 27, 26, 24, 22, 25, 21, 18, 23, 19, 12, 6, 17, 3, 10][14, 8, 0][20, 9, 4, 16, 7][15, 5, 13, 1, 11, 2]] PASS
30; [8,3,5,7,7] : [[29, 28, 27, 26, 24, 22, 25, 21][23, 20, 15][19, 11, 7, 18, 6][17, 8, 2, 16, 1, 12, 5][14, 9, 3, 10, 0, 13, 4]] PASS
30; [3,15,5,7] : [[29, 28, 27][26, 25, 23, 21, 24, 20, 17, 22, 18, 7, 19, 6, 16, 5, 11][15, 9, 2, 14, 1][13, 8, 0, 10, 3, 12, 4]] PASS
30; [8,3,5,14] : [[29, 28, 27, 26, 24, 22, 25, 21][23, 20, 16][19, 10, 5, 18, 8][17, 7, 15, 4, 13, 1, 14, 0, 12, 6, 11, 3, 9, 2]] PASS
30; [8,3,3,3,3,3,7] : [[29, 28, 27, 26, 24, 22, 25, 21][23, 20, 13][19, 12, 6][18, 9, 4][16, 10, 5][15, 7, 3][17, 8, 0, 11, 1, 14, 2]] PASS
30; [9,3,13,5] : [[29, 28, 27, 26, 24, 22, 25, 21, 18][23, 19, 13][20, 9, 4, 17, 7, 16, 3, 10, 5, 11, 2, 14, 6][15, 8, 0, 12, 1]] PASS
30; [10,3,12,5] : [[29, 28, 27, 26, 24, 22, 25, 21, 18, 23][20, 16, 8][19, 7, 17, 6, 15, 2, 10, 1, 12, 5, 11, 4][14, 9, 3, 13, 0]] PASS
30; [3,11,11,5] : [[29, 28, 27][26, 25, 23, 21, 24, 20, 17, 22, 18, 6, 11][19, 9, 3, 16, 7, 13, 0, 10, 2, 14, 5][15, 8, 1, 12, 4]] PASS
30; [3,5,22] : [[29, 28, 27][26, 25, 23, 21, 18][24, 20, 17, 22, 14, 8, 4, 16, 7, 19, 6, 15, 1, 11, 0, 13, 2, 12, 5, 10, 3, 9]] PASS
30; [9,3,6,6,6] : [[29, 28, 27, 26, 24, 22, 25, 21, 18][23, 19, 13][20, 9, 4, 12, 0, 8][17, 7, 14, 5, 11, 6][16, 3, 10, 1, 15, 2]] PASS
30; [8,3,6,6,7] : [[29, 28, 27, 26, 24, 22, 25, 21][23, 20, 16][19, 9, 18, 7, 17, 6][12, 5, 11, 2, 10, 4][15, 3, 8, 13, 1, 14, 0]] PASS
30; [3,6,6,15] : [[29, 28, 27][26, 25, 23, 21, 24, 20][22, 19, 15, 9, 18, 7][17, 8, 3, 16, 6, 14, 0, 12, 5, 10, 2, 13, 1, 11, 4]] PASS
30; [3,6,7,7,7] : [[29, 28, 27][26, 25, 23, 21, 24, 20][22, 19, 14, 10, 5, 18, 7][17, 9, 3, 16, 4, 13, 6][15, 8, 0, 12, 2, 11, 1]] PASS
30; [3,6,14,7] : [[29, 28, 27][26, 25, 23, 21, 24, 20][22, 19, 15, 9, 18, 6, 17, 5, 16, 3, 10, 2, 12, 7][14, 1, 11, 4, 13, 8, 0]] PASS
30; [8,3,13,6] : [[29, 28, 27, 26, 24, 22, 25, 21][23, 20, 16][19, 10, 5, 18, 8, 17, 7, 14, 0, 11, 6, 12, 4][15, 3, 9, 1, 13, 2]] PASS
30; [3,3,3,3,3,15] : [[29, 28, 27][26, 25, 23][24, 22, 19][21, 17, 12][20, 10, 6][18, 8, 2, 15, 7, 14, 5, 16, 4, 11, 0, 13, 1, 9, 3]] PASS
30; [9,3,12,6] : [[29, 28, 27, 26, 24, 22, 25, 21, 18][23, 19, 13][20, 9, 4, 17, 8, 2, 16, 3, 15, 7, 14, 6][12, 5, 10, 1, 11, 0]] PASS
30; [3,10,11,6] : [[29, 28, 27][26, 25, 23, 21, 24, 20, 17, 22, 18, 9][19, 8, 3, 16, 7, 15, 1, 14, 4, 11, 5][13, 6, 12, 0, 10, 2]] PASS
30; [3,21,6] : [[29, 28, 27][26, 25, 23, 21, 24, 20, 17, 22, 18, 9, 4, 16, 8, 2, 15, 5, 19, 7, 14, 3, 11][13, 6, 12, 1, 10, 0]] PASS
30; [3,13,7,7] : [[29, 28, 27][26, 25, 23, 21, 24, 20, 17, 22, 18, 7, 19, 6, 11][16, 9, 3, 15, 4, 12, 2][14, 8, 1, 10, 0, 13, 5]] PASS
30; [8,3,12,7] : [[29, 28, 27, 26, 24, 22, 25, 21][23, 20, 16][19, 9, 18, 7, 17, 6, 15, 1, 14, 2, 10, 4][13, 8, 3, 11, 5, 12, 0]] PASS
30; [3,9,11,7] : [[29, 28, 27][26, 25, 23, 21, 24, 20, 17, 22, 14][19, 10, 6, 18, 7, 16, 3, 9, 2, 12, 4][15, 5, 11, 0, 13, 8, 1]] PASS
30; [10,10,3,7] : [[29, 28, 27, 26, 24, 22, 25, 21, 18, 23][20, 14, 10, 5, 19, 6, 16, 4, 13, 7][17, 9, 2][15, 8, 0, 11, 1, 12, 3]] PASS
30; [3,20,7] : [[29, 28, 27][26, 25, 23, 21, 24, 20, 17, 22, 18, 9, 4, 16, 7, 19, 6, 12, 5, 15, 1, 11][14, 8, 0, 13, 2, 10, 3]] PASS
30; [8,8,3,11] : [[29, 28, 27, 26, 24, 22, 25, 21][23, 20, 16, 11, 19, 10, 4, 9][17, 8, 2][18, 7, 0, 13, 3, 15, 5, 12, 1, 14, 6]] PASS
30; [8,9,10,3] : [[29, 28, 27, 26, 24, 22, 25, 21][23, 20, 16, 11, 19, 10, 5, 18, 8][17, 7, 14, 3, 15, 1, 9, 2, 13, 4][12, 6, 0]] PASS
30; [3,3,3,3,4,4,4,6] : [[29, 28, 27][26, 25, 23][24, 22, 19][21, 17, 13][20, 8, 18, 7][16, 6, 12, 1][15, 3, 10, 2][14, 5, 11, 4, 9, 0]] PASS
30; [8,3,19] : [[29, 28, 27, 26, 24, 22, 25, 21][23, 20, 16][19, 10, 5, 18, 8, 17, 7, 15, 3, 9, 2, 13, 1, 14, 0, 11, 6, 12, 4]] PASS
30; [9,9,9,3] : [[29, 28, 27, 26, 24, 22, 25, 21, 18][23, 19, 14, 9, 20, 6, 16, 3, 10][17, 8, 2, 12, 0, 11, 4, 13, 5][15, 7, 1]] PASS
30; [9,18,3] : [[29, 28, 27, 26, 24, 22, 25, 21, 18][23, 19, 14, 9, 20, 8, 2, 16, 6, 17, 5, 12, 3, 11, 4, 13, 0, 10][15, 7, 1]] PASS
30; [17,10,3] : [[29, 28, 27, 26, 24, 22, 25, 21, 18, 23, 19, 13, 7, 20, 6, 17, 8][16, 5, 15, 3, 10, 0, 12, 4, 11, 2][14, 9, 1]] PASS
30; [16,3,11] : [[29, 28, 27, 26, 24, 22, 25, 21, 18, 23, 19, 12, 7, 17, 4, 10][16, 9, 3][20, 8, 0, 11, 2, 13, 1, 15, 5, 14, 6]] PASS
30; [3,12,15] : [[29, 28, 27][26, 25, 23, 21, 24, 20, 17, 22, 18, 9, 4, 11][19, 8, 2, 16, 7, 15, 5, 13, 1, 14, 3, 10, 0, 12, 6]] PASS
30; [3,13,14] : [[29, 28, 27][26, 25, 23, 21, 24, 20, 17, 22, 18, 9, 4, 16, 8][19, 7, 15, 2, 13, 6, 12, 3, 10, 0, 14, 1, 11, 5]] PASS
30; [4,4,4,4,4,4,6] : [[29, 28, 27, 26][25, 23, 21, 18][24, 20, 17, 13][22, 14, 3, 8][19, 7, 16, 6][11, 5, 10, 4][15, 2, 12, 0, 9, 1]] PASS
30; [4,4,4,4,4,5,5] : [[29, 28, 27, 26][25, 23, 21, 18][24, 20, 17, 13][22, 12, 4, 9][15, 3, 10, 1][19, 7, 2, 16, 6][14, 8, 0, 11, 5]] PASS
30; [10,4,4,4,4,4] : [[29, 28, 27, 26, 24, 22, 25, 21, 18, 23][20, 16, 4, 9][19, 8, 14, 5][17, 7, 15, 2][13, 6, 12, 0][11, 3, 10, 1]] PASS
30; [3,3,3,3,4,4,5,5] : [[29, 28, 27][26, 25, 23][24, 22, 19][21, 17, 12][20, 8, 18, 6][16, 5, 14, 1][15, 9, 2, 10, 4][13, 3, 11, 7, 0]] PASS
30; [9,4,4,4,4,5] : [[29, 28, 27, 26, 24, 22, 25, 21, 18][23, 19, 14, 9][20, 10, 1, 8][17, 6, 12, 4][16, 5, 11, 2][15, 7, 0, 13, 3]] PASS
30; [8,4,4,4,4,6] : [[29, 28, 27, 26, 24, 22, 25, 21][23, 20, 16, 11][19, 12, 2, 8][18, 7, 17, 4][15, 3, 9, 0][14, 6, 13, 5, 10, 1]] PASS
30; [4,4,4,4,7,7] : [[29, 28, 27, 26][25, 23, 21, 18][24, 20, 17, 13][22, 12, 4, 9][19, 8, 2, 14, 6, 11, 5][16, 7, 0, 10, 1, 15, 3]] PASS
30; [4,4,4,4,14] : [[29, 28, 27, 26][25, 23, 21, 18][24, 20, 17, 13][22, 14, 3, 8][19, 7, 16, 4, 11, 5, 10, 0, 9, 1, 15, 2, 12, 6]] PASS
30; [8,4,4,4,5,5] : [[29, 28, 27, 26, 24, 22, 25, 21][23, 20, 16, 11][19, 10, 4, 9][18, 5, 13, 3][17, 8, 1, 12, 6][15, 7, 0, 14, 2]] PASS
30; [4,4,4,5,6,7] : [[29, 28, 27, 26][25, 23, 21, 18][24, 20, 17, 13][22, 12, 7, 19, 8][16, 4, 11, 1, 9, 3][15, 6, 0, 14, 5, 10, 2]] PASS
30; [4,4,4,5,13] : [[29, 28, 27, 26][25, 23, 21, 18][24, 20, 17, 13][22, 12, 7, 19, 8][16, 6, 1, 9, 0, 14, 5, 11, 4, 10, 2, 15, 3]] PASS
30; [4,4,4,6,6,6] : [[29, 28, 27, 26][25, 23, 21, 18][24, 20, 17, 13][22, 14, 6, 15, 2, 8][19, 7, 12, 1, 11, 5][16, 4, 9, 0, 10, 3]] PASS
30; [4,4,4,12,6] : [[29, 28, 27, 26][25, 23, 21, 18][24, 20, 17, 13][22, 14, 7, 19, 6, 16, 3, 12, 0, 11, 2, 8][15, 5, 10, 4, 9, 1]] PASS
30; [11,4,4,4,7] : [[29, 28, 27, 26, 24, 22, 25, 21, 18, 23, 17][20, 10, 5, 9][19, 7, 16, 6][12, 4, 11, 3][15, 8, 2, 13, 1, 14, 0]] PASS
30; [10,3,3,3,3,4,4] : [[29, 28, 27, 26, 24, 22, 25, 21, 18, 23][20, 14, 7][19, 10, 6][16, 8, 1][15, 9, 4][17, 5, 13, 3][12, 2, 11, 0]] PASS
30; [3,3,3,3,3,3,3,3,6] : [[29, 28, 27][26, 25, 23][24, 22, 19][21, 17, 10][20, 11, 7][18, 9, 4][16, 8, 1][12, 6, 0][15, 5, 13, 3, 14, 2]] PASS
30; [8,10,4,4,4] : [[29, 28, 27, 26, 24, 22, 25, 21][23, 20, 16, 11, 19, 12, 6, 15, 2, 8][18, 7, 17, 5][14, 3, 10, 0][13, 4, 9, 1]] PASS
30; [9,9,4,4,4] : [[29, 28, 27, 26, 24, 22, 25, 21, 18][23, 19, 14, 9, 20, 8, 16, 1, 7][17, 4, 10, 3][15, 6, 13, 5][12, 2, 11, 0]] PASS
30; [18,4,4,4] : [[29, 28, 27, 26, 24, 22, 25, 21, 18, 23, 19, 13, 8, 20, 7, 17, 3, 10][16, 4, 15, 2][14, 6, 12, 5][11, 1, 9, 0]] PASS
30; [4,4,5,5,5,7] : [[29, 28, 27, 26][25, 23, 21, 18][24, 20, 17, 22, 10][19, 9, 5, 16, 7][15, 2, 12, 6, 1][14, 8, 0, 13, 4, 11, 3]] PASS
30; [4,4,5,5,6,6] : [[29, 28, 27, 26][25, 23, 21, 18][24, 20, 17, 22, 11][19, 9, 5, 16, 7][15, 6, 14, 0, 13, 1][12, 4, 10, 3, 8, 2]] PASS
30; [4,4,12,5,5] : [[29, 28, 27, 26][25, 23, 21, 18][24, 20, 17, 22, 11, 7, 2, 16, 4, 13, 3, 10][19, 8, 0, 12, 6][15, 9, 1, 14, 5]] PASS
30; [11,4,4,5,6] : [[29, 28, 27, 26, 24, 22, 25, 21, 18, 23, 17][20, 10, 5, 9][19, 7, 15, 6][16, 2, 14, 8, 1][13, 3, 12, 4, 11, 0]] PASS
30; [10,4,4,5,7] : [[29, 28, 27, 26, 24, 22, 25, 21, 18, 23][20, 14, 10, 5][19, 7, 17, 6][16, 9, 3, 12, 4][15, 8, 0, 13, 2, 11, 1]] PASS
30; [8,9,4,4,5] : [[29, 28, 27, 26, 24, 22, 25, 21][23, 20, 16, 11, 19, 10, 5, 18, 8][15, 3, 9, 2][13, 4, 12, 1][17, 7, 14, 0, 6]] PASS
30; [17,4,4,5] : [[29, 28, 27, 26, 24, 22, 25, 21, 18, 23, 19, 13, 7, 20, 6, 17, 8][16, 4, 11, 3][15, 5, 12, 1][14, 9, 0, 10, 2]] PASS
30; [9,3,3,3,3,4,5] : [[29, 28, 27, 26, 24, 22, 25, 21, 18][23, 19, 11][20, 10, 5][17, 9, 2][13, 7, 0][16, 6, 15, 4][14, 8, 3, 12, 1]] PASS
30; [10,4,4,6,6] : [[29, 28, 27, 26, 24, 22, 25, 21, 18, 23][20, 16, 4, 9][19, 8, 17, 7][15, 2, 10, 1, 14, 0][13, 6, 12, 5, 11, 3]] PASS
30; [9,4,4,6,7] : [[29, 28, 27, 26, 24, 22, 25, 21, 18][23, 19, 14, 9][20, 10, 2, 8][17, 6, 15, 1, 11, 4][16, 5, 13, 7, 0, 12, 3]] PASS
30; [8,8,4,4,6] : [[29, 28, 27, 26, 24, 22, 25, 21][23, 20, 16, 11, 19, 12, 3, 8][17, 6, 15, 5][14, 2, 9, 1][18, 7, 13, 0, 10, 4]] PASS
30; [16,4,4,6] : [[29, 28, 27, 26, 24, 22, 25, 21, 18, 23, 19, 13, 8, 17, 3, 10][20, 7, 16, 6][14, 2, 9, 1][15, 5, 11, 0, 12, 4]] PASS
30; [8,4,4,7,7] : [[29, 28, 27, 26, 24, 22, 25, 21][23, 20, 16, 11][19, 10, 4, 9][18, 8, 2, 17, 6, 13, 5][15, 7, 0, 14, 1, 12, 3]] PASS
30; [15,4,4,7] : [[29, 28, 27, 26, 24, 22, 25, 21, 18, 23, 19, 13, 7, 20, 8][17, 6, 16, 5][12, 4, 11, 3][15, 2, 9, 14, 0, 10, 1]] PASS
30; [8,4,4,14] : [[29, 28, 27, 26, 24, 22, 25, 21][23, 20, 16, 11][19, 12, 3, 8][18, 7, 13, 6, 14, 4, 10, 0, 9, 1, 15, 2, 17, 5]] PASS
30; [9,4,4,13] : [[29, 28, 27, 26, 24, 22, 25, 21, 18][23, 19, 14, 9][20, 10, 2, 8][17, 7, 1, 15, 6, 13, 5, 16, 3, 12, 0, 11, 4]] PASS
30; [4,4,10,12] : [[29, 28, 27, 26][25, 23, 21, 18][24, 20, 17, 22, 13, 8, 4, 15, 2, 10][19, 7, 14, 6, 16, 3, 9, 0, 12, 1, 11, 5]] PASS
30; [11,11,4,4] : [[29, 28, 27, 26, 24, 22, 25, 21, 18, 23, 17][20, 11, 7, 19, 8, 16, 6, 13, 0, 12, 5][15, 2, 10, 1][14, 4, 9, 3]] PASS
30; [8,3,3,3,3,4,6] : [[29, 28, 27, 26, 24, 22, 25, 21][23, 20, 15][19, 11, 7][18, 9, 4][17, 8, 2][16, 6, 12, 5][14, 3, 10, 0, 13, 1]] PASS
30; [4,4,22] : [[29, 28, 27, 26][25, 23, 21, 18][24, 20, 17, 22, 13, 8, 4, 19, 7, 16, 6, 14, 1, 12, 5, 11, 0, 10, 2, 15, 3, 9]] PASS
30; [4,5,5,5,5,6] : [[29, 28, 27, 26][25, 23, 21, 24, 20][22, 19, 14, 6, 10][18, 9, 3, 16, 4][17, 8, 1, 15, 7][13, 2, 12, 5, 11, 0]] PASS
30; [11,4,5,5,5] : [[29, 28, 27, 26, 24, 22, 25, 21, 18, 23, 17][20, 7, 19, 6][16, 10, 2, 14, 5][15, 8, 1, 11, 0][13, 9, 4, 12, 3]] PASS
30; [10,4,5,5,6] : [[29, 28, 27, 26, 24, 22, 25, 21, 18, 23][20, 14, 10, 5][19, 9, 3, 17, 7][16, 8, 1, 12, 4][15, 6, 13, 0, 11, 2]] PASS
30; [9,4,5,5,7] : [[29, 28, 27, 26, 24, 22, 25, 21, 18][23, 19, 14, 9][20, 10, 4, 17, 6][15, 8, 0, 12, 5][16, 7, 1, 13, 2, 11, 3]] PASS
30; [8,8,4,5,5] : [[29, 28, 27, 26, 24, 22, 25, 21][23, 20, 16, 11, 19, 10, 4, 9][18, 5, 15, 3][17, 8, 1, 14, 6][13, 7, 0, 12, 2]] PASS
30; [16,4,5,5] : [[29, 28, 27, 26, 24, 22, 25, 21, 18, 23, 19, 12, 7, 17, 4, 10][15, 3, 11, 1][20, 9, 0, 13, 6][16, 8, 2, 14, 5]] PASS
30; [9,4,5,6,6] : [[29, 28, 27, 26, 24, 22, 25, 21, 18][23, 19, 14, 9][20, 11, 5, 17, 7][16, 6, 13, 0, 8, 2][15, 4, 12, 1, 10, 3]] PASS
30; [8,4,5,6,7] : [[29, 28, 27, 26, 24, 22, 25, 21][23, 20, 16, 11][19, 12, 7, 18, 6][17, 4, 10, 3, 13, 2][15, 5, 14, 8, 0, 9, 1]] PASS
30; [4,5,6,15] : [[29, 28, 27, 26][25, 23, 21, 24, 20][22, 19, 15, 8, 18, 7][17, 9, 4, 16, 5, 11, 3, 12, 6, 13, 0, 10, 1, 14, 2]] PASS
30; [3,3,3,3,4,7,7] : [[29, 28, 27][26, 25, 23][24, 22, 19][21, 17, 12][20, 8, 18, 6][16, 9, 5, 14, 1, 11, 3][15, 4, 10, 2, 13, 7, 0]] PASS
30; [4,5,7,7,7] : [[29, 28, 27, 26][25, 23, 21, 24, 20][22, 19, 14, 7, 18, 6, 10][17, 9, 0, 13, 3, 12, 4][16, 5, 11, 1, 15, 8, 2]] PASS
30; [4,5,14,7] : [[29, 28, 27, 26][25, 23, 21, 24, 20][22, 19, 15, 8, 18, 6, 17, 5, 12, 2, 10, 4, 13, 7][16, 3, 11, 0, 9, 14, 1]] PASS
30; [8,4,13,5] : [[29, 28, 27, 26, 24, 22, 25, 21][23, 20, 16, 11][19, 12, 7, 18, 6, 17, 4, 13, 3, 9, 1, 14, 5][15, 8, 2, 10, 0]] PASS
30; [9,12,5,4] : [[29, 28, 27, 26, 24, 22, 25, 21, 18][23, 19, 14, 9, 20, 8, 2, 16, 6, 15, 1, 10][13, 7, 0, 11, 3][17, 5, 12, 4]] PASS
30; [10,11,4,5] : [[29, 28, 27, 26, 24, 22, 25, 21, 18, 23][20, 16, 8, 19, 7, 17, 6, 11, 3, 12, 5][13, 4, 10, 0][15, 9, 2, 14, 1]] PASS
30; [4,5,21] : [[29, 28, 27, 26][25, 23, 21, 24, 20][22, 19, 15, 10, 4, 18, 7, 17, 6, 16, 3, 11, 2, 9, 1, 13, 0, 12, 5, 14, 8]] PASS
30; [8,4,6,6,6] : [[29, 28, 27, 26, 24, 22, 25, 21][23, 20, 16, 11][19, 12, 7, 17, 2, 8][18, 6, 15, 4, 13, 5][14, 1, 9, 3, 10, 0]] PASS
30; [4,6,6,7,7] : [[29, 28, 27, 26][25, 23, 21, 24, 20, 17][22, 18, 10, 5, 19, 8][16, 9, 4, 13, 0, 12, 6][15, 3, 14, 7, 1, 11, 2]] PASS
30; [4,14,6,6] : [[29, 28, 27, 26][25, 23, 21, 24, 20, 17, 22, 18, 9, 4, 19, 8, 2, 10][16, 6, 15, 7, 14, 3][13, 1, 11, 5, 12, 0]] PASS
30; [4,13,6,7] : [[29, 28, 27, 26][25, 23, 21, 24, 20, 17, 22, 18, 9, 4, 16, 5, 11][15, 7, 14, 0, 13, 3][19, 8, 1, 10, 2, 12, 6]] PASS
30; [3,3,3,3,4,14] : [[29, 28, 27][26, 25, 23][24, 22, 19][21, 17, 13][20, 8, 18, 7][16, 6, 15, 4, 11, 5, 10, 2, 9, 3, 12, 0, 14, 1]] PASS
30; [8,4,12,6] : [[29, 28, 27, 26, 24, 22, 25, 21][23, 20, 16, 11][19, 12, 7, 18, 8, 2, 17, 5, 13, 4, 15, 6][14, 1, 9, 3, 10, 0]] PASS
30; [9,11,4,6] : [[29, 28, 27, 26, 24, 22, 25, 21, 18][23, 19, 14, 9, 20, 8, 17, 6, 15, 0, 7][13, 5, 11, 1][16, 3, 10, 4, 12, 2]] PASS
30; [10,10,4,6] : [[29, 28, 27, 26, 24, 22, 25, 21, 18, 23][20, 16, 9, 4, 19, 8, 17, 6, 13, 7][15, 5, 11, 3][14, 1, 10, 2, 12, 0]] PASS
30; [4,20,6] : [[29, 28, 27, 26][25, 23, 21, 24, 20, 17, 22, 18, 9, 4, 19, 8, 2, 15, 7, 16, 6, 14, 3, 10][13, 1, 11, 5, 12, 0]] PASS
30; [4,12,7,7] : [[29, 28, 27, 26][25, 23, 21, 24, 20, 17, 22, 18, 7, 19, 6, 11][16, 9, 3, 15, 4, 12, 2][14, 8, 1, 10, 0, 13, 5]] PASS
30; [8,11,4,7] : [[29, 28, 27, 26, 24, 22, 25, 21][23, 20, 16, 11, 19, 10, 5, 18, 9, 2, 8][17, 6, 14, 4][15, 3, 13, 7, 0, 12, 1]] PASS
30; [9,10,4,7] : [[29, 28, 27, 26, 24, 22, 25, 21, 18][23, 19, 14, 9, 20, 8, 2, 15, 1, 10][17, 5, 13, 3][16, 7, 0, 11, 4, 12, 6]] PASS
30; [19,4,7] : [[29, 28, 27, 26, 24, 22, 25, 21, 18, 23, 19, 13, 7, 20, 6, 17, 5, 16, 8][12, 4, 11, 2][15, 3, 10, 0, 9, 14, 1]] PASS
30; [8,8,10,4] : [[29, 28, 27, 26, 24, 22, 25, 21][23, 20, 16, 11, 19, 12, 3, 8][18, 7, 13, 1, 9, 2, 15, 6, 17, 5][14, 4, 10, 0]] PASS
30; [8,9,9,4] : [[29, 28, 27, 26, 24, 22, 25, 21][23, 20, 16, 11, 19, 10, 5, 18, 8][17, 7, 15, 1, 12, 0, 6, 13, 4][14, 3, 9, 2]] PASS
30; [8,3,3,3,3,5,5] : [[29, 28, 27, 26, 24, 22, 25, 21][23, 20, 13][19, 12, 6][18, 10, 5][17, 8, 2][16, 7, 3, 15, 4][14, 9, 1, 11, 0]] PASS
30; [8,18,4] : [[29, 28, 27, 26, 24, 22, 25, 21][23, 20, 16, 11, 19, 12, 7, 18, 6, 17, 5, 14, 4, 10, 2, 15, 1, 8][13, 3, 9, 0]] PASS
30; [9,4,17] : [[29, 28, 27, 26, 24, 22, 25, 21, 18][23, 19, 14, 9][20, 11, 5, 17, 7, 16, 4, 15, 2, 10, 3, 13, 0, 8, 1, 12, 6]] PASS
30; [16,10,4] : [[29, 28, 27, 26, 24, 22, 25, 21, 18, 23, 19, 13, 8, 17, 4, 10][20, 7, 15, 3, 14, 0, 12, 5, 16, 6][11, 2, 9, 1]] PASS
30; [11,4,15] : [[29, 28, 27, 26, 24, 22, 25, 21, 18, 23, 17][20, 10, 5, 9][19, 8, 2, 16, 7, 15, 3, 12, 0, 13, 6, 14, 1, 11, 4]] PASS
30; [4,12,14] : [[29, 28, 27, 26][25, 23, 21, 24, 20, 17, 22, 18, 9, 4, 19, 8][16, 7, 15, 5, 11, 3, 10, 0, 13, 6, 12, 1, 14, 2]] PASS
30; [4,13,13] : [[29, 28, 27, 26][25, 23, 21, 24, 20, 17, 22, 18, 9, 4, 16, 5, 11][19, 8, 2, 12, 3, 10, 0, 13, 6, 14, 1, 15, 7]] PASS
30; [10,5,5,5,5] : [[29, 28, 27, 26, 24, 22, 25, 21, 18, 23][20, 14, 7, 19, 6][17, 9, 0, 13, 2][16, 10, 5, 15, 4][12, 8, 1, 11, 3]] PASS
30; [9,5,5,5,6] : [[29, 28, 27, 26, 24, 22, 25, 21, 18][23, 19, 14, 7, 12][20, 9, 3, 15, 6][16, 8, 1, 11, 2][17, 5, 13, 0, 10, 4]] PASS
30; [8,5,5,5,7] : [[29, 28, 27, 26, 24, 22, 25, 21][23, 20, 16, 11, 6][19, 12, 5, 18, 7][17, 9, 0, 13, 3][15, 4, 14, 8, 2, 10, 1]] PASS
30; [5,5,5,15] : [[29, 28, 27, 26, 24][25, 23, 20, 17, 21][22, 16, 11, 4, 9][19, 8, 2, 15, 7, 18, 6, 14, 0, 10, 1, 13, 3, 12, 5]] PASS
30; [3,3,3,3,5,6,7] : [[29, 28, 27][26, 25, 23][24, 22, 19][21, 17, 12][20, 10, 6, 18, 7][16, 5, 13, 3, 11, 4][15, 1, 14, 8, 2, 9, 0]] PASS
30; [8,5,5,6,6] : [[29, 28, 27, 26, 24, 22, 25, 21][23, 20, 16, 11, 6][19, 13, 7, 18, 8][17, 4, 12, 5, 15, 3][14, 1, 10, 2, 9, 0]] PASS
30; [5,5,6,7,7] : [[29, 28, 27, 26, 24][25, 23, 20, 17, 21][22, 16, 10, 5, 19, 8][18, 9, 4, 14, 1, 13, 6][15, 7, 0, 11, 3, 12, 2]] PASS
30; [14,6,5,5] : [[29, 28, 27, 26, 24, 22, 25, 21, 18, 23, 19, 12, 5, 10][20, 7, 17, 3, 16, 6][15, 9, 1, 13, 4][14, 8, 0, 11, 2]] PASS
30; [5,5,13,7] : [[29, 28, 27, 26, 24][25, 23, 20, 17, 21][22, 16, 11, 6, 19, 7, 18, 5, 14, 4, 12, 0, 8][15, 9, 2, 13, 3, 10, 1]] PASS
30; [8,12,5,5] : [[29, 28, 27, 26, 24, 22, 25, 21][23, 20, 16, 11, 19, 10, 5, 18, 6, 15, 3, 9][17, 7, 0, 13, 2][14, 8, 1, 12, 4]] PASS
30; [9,11,5,5] : [[29, 28, 27, 26, 24, 22, 25, 21, 18][23, 19, 14, 9, 20, 6, 17, 5, 12, 4, 10][16, 7, 1, 11, 2][15, 8, 0, 13, 3]] PASS
30; [10,10,5,5] : [[29, 28, 27, 26, 24, 22, 25, 21, 18, 23][20, 14, 10, 5, 17, 7, 15, 2, 12, 6][19, 8, 1, 13, 4][16, 9, 0, 11, 3]] PASS
30; [20,5,5] : [[29, 28, 27, 26, 24, 22, 25, 21, 18, 23, 19, 12, 7, 20, 6, 17, 5, 11, 2, 10][16, 8, 1, 13, 3][15, 9, 0, 14, 4]] PASS
30; [5,6,6,6,7] : [[29, 28, 27, 26, 24][25, 23, 20, 17, 22, 18][21, 12, 8, 3, 15, 7][16, 6, 14, 1, 10, 4][19, 9, 2, 13, 0, 11, 5]] PASS
30; [13,6,6,5] : [[29, 28, 27, 26, 24, 22, 25, 21, 18, 23, 19, 13, 8][20, 7, 17, 5, 16, 6][12, 4, 11, 3, 10, 1][15, 9, 0, 14, 2]] PASS
30; [3,3,3,3,5,13] : [[29, 28, 27][26, 25, 23][24, 22, 19][21, 17, 12][20, 10, 6, 18, 7][16, 8, 2, 9, 3, 15, 5, 13, 4, 11, 0, 14, 1]] PASS
30; [12,5,6,7] : [[29, 28, 27, 26, 24, 22, 25, 21, 18, 23, 19, 11][20, 9, 4, 17, 7][16, 6, 15, 3, 10, 1][14, 8, 2, 13, 5, 12, 0]] PASS
30; [8,11,5,6] : [[29, 28, 27, 26, 24, 22, 25, 21][23, 20, 16, 11, 19, 10, 5, 18, 8, 2, 9][14, 7, 1, 13, 3][17, 6, 15, 0, 12, 4]] PASS
30; [9,10,5,6] : [[29, 28, 27, 26, 24, 22, 25, 21, 18][23, 19, 14, 9, 20, 8, 2, 15, 1, 10][17, 7, 0, 11, 3][16, 6, 12, 5, 13, 4]] PASS
30; [19,5,6] : [[29, 28, 27, 26, 24, 22, 25, 21, 18, 23, 19, 13, 7, 20, 6, 17, 5, 15, 8][16, 9, 4, 12, 3][14, 2, 10, 1, 11, 0]] PASS
30; [11,5,7,7] : [[29, 28, 27, 26, 24, 22, 25, 21, 18, 23, 17][20, 10, 6, 19, 7][16, 9, 4, 13, 2, 12, 1][15, 8, 0, 14, 5, 11, 3]] PASS
30; [8,10,5,7] : [[29, 28, 27, 26, 24, 22, 25, 21][23, 20, 16, 11, 19, 10, 5, 15, 3, 9][18, 8, 2, 17, 6][14, 7, 0, 13, 4, 12, 1]] PASS
30; [9,9,5,7] : [[29, 28, 27, 26, 24, 22, 25, 21, 18][23, 19, 14, 9, 20, 6, 17, 4, 10][16, 8, 1, 11, 2][15, 5, 13, 7, 0, 12, 3]] PASS
30; [18,5,7] : [[29, 28, 27, 26, 24, 22, 25, 21, 18, 23, 19, 12, 7, 20, 6, 17, 4, 10][16, 8, 0, 14, 5][15, 9, 2, 11, 1, 13, 3]] PASS
30; [8,8,9,5] : [[29, 28, 27, 26, 24, 22, 25, 21][23, 20, 16, 11, 19, 10, 4, 9][18, 8, 2, 17, 6, 15, 3, 13, 5][14, 7, 0, 12, 1]] PASS
30; [8,17,5] : [[29, 28, 27, 26, 24, 22, 25, 21][23, 20, 16, 11, 19, 10, 5, 18, 9, 3, 15, 1, 12, 4, 14, 2, 8][17, 7, 0, 13, 6]] PASS
30; [3,3,3,3,6,6,6] : [[29, 28, 27][26, 25, 23][24, 22, 19][21, 17, 13][20, 8, 18, 7, 16, 6][15, 2, 11, 5, 12, 0][14, 3, 10, 4, 9, 1]] PASS
30; [16,9,5] : [[29, 28, 27, 26, 24, 22, 25, 21, 18, 23, 19, 12, 7, 17, 4, 10][20, 9, 3, 15, 5, 14, 1, 13, 6][16, 8, 0, 11, 2]] PASS
30; [10,5,15] : [[29, 28, 27, 26, 24, 22, 25, 21, 18, 23][20, 16, 8, 19, 7][17, 9, 4, 15, 6, 12, 5, 11, 1, 10, 3, 13, 0, 14, 2]] PASS
30; [11,5,14] : [[29, 28, 27, 26, 24, 22, 25, 21, 18, 23, 17][20, 11, 7, 19, 8][16, 6, 15, 5, 12, 4, 9, 3, 10, 2, 13, 0, 14, 1]] PASS
30; [12,13,5] : [[29, 28, 27, 26, 24, 22, 25, 21, 18, 23, 19, 11][20, 9, 4, 17, 7, 16, 6, 15, 1, 13, 0, 12, 5][14, 8, 2, 10, 3]] PASS
30; [12,6,6,6] : [[29, 28, 27, 26, 24, 22, 25, 21, 18, 23, 19, 12][20, 8, 17, 7, 16, 6][15, 4, 11, 5, 10, 2][14, 3, 9, 1, 13, 0]] PASS
30; [11,6,6,7] : [[29, 28, 27, 26, 24, 22, 25, 21, 18, 23, 17][20, 10, 6, 19, 4, 9][16, 7, 14, 5, 11, 3][15, 8, 0, 12, 2, 13, 1]] PASS
30; [8,10,6,6] : [[29, 28, 27, 26, 24, 22, 25, 21][23, 20, 16, 11, 19, 12, 7, 14, 2, 8][18, 5, 17, 6, 15, 4][13, 3, 9, 1, 10, 0]] PASS
30; [9,9,6,6] : [[29, 28, 27, 26, 24, 22, 25, 21, 18][23, 19, 14, 9, 20, 8, 16, 1, 7][17, 6, 12, 5, 15, 3][13, 4, 11, 2, 10, 0]] PASS
30; [18,6,6] : [[29, 28, 27, 26, 24, 22, 25, 21, 18, 23, 19, 13, 8, 20, 7, 17, 4, 10][16, 6, 15, 1, 9, 2][14, 5, 12, 0, 11, 3]] PASS
30; [10,6,7,7] : [[29, 28, 27, 26, 24, 22, 25, 21, 18, 23][20, 14, 10, 5, 19, 7][17, 9, 3, 13, 2, 11, 4][16, 8, 1, 12, 0, 15, 6]] PASS
30; [3,3,3,3,12,6] : [[29, 28, 27][26, 25, 23][24, 22, 19][21, 17, 13][20, 8, 18, 7, 16, 6, 12, 0, 14, 1, 10, 5][15, 4, 11, 3, 9, 2]] PASS
30; [8,9,6,7] : [[29, 28, 27, 26, 24, 22, 25, 21][23, 20, 16, 11, 19, 10, 5, 18, 8][17, 7, 14, 2, 9, 3][15, 6, 0, 13, 1, 12, 4]] PASS
30; [8,9,6,7] : [[29, 28, 27, 26, 24, 22, 25, 21][23, 20, 16, 11, 19, 10, 5, 18, 8][17, 7, 14, 2, 9, 3][15, 6, 0, 13, 1, 12, 4]] PASS
30; [8,9,6,7] : [[29, 28, 27, 26, 24, 22, 25, 21][23, 20, 16, 11, 19, 10, 5, 18, 8][17, 7, 14, 2, 9, 3][15, 6, 0, 13, 1, 12, 4]] PASS
30; [8,9,6,7] : [[29, 28, 27, 26, 24, 22, 25, 21][23, 20, 16, 11, 19, 10, 5, 18, 8][17, 7, 14, 2, 9, 3][15, 6, 0, 13, 1, 12, 4]] PASS
30; [8,9,6,7] : [[29, 28, 27, 26, 24, 22, 25, 21][23, 20, 16, 11, 19, 10, 5, 18, 8][17, 7, 14, 2, 9, 3][15, 6, 0, 13, 1, 12, 4]] PASS
30; [8,9,6,7] : [[29, 28, 27, 26, 24, 22, 25, 21][23, 20, 16, 11, 19, 10, 5, 18, 8][17, 7, 14, 2, 9, 3][15, 6, 0, 13, 1, 12, 4]] PASS
30; [3,3,3,3,11,7] : [[29, 28, 27][26, 25, 23][24, 22, 19][21, 17, 12][20, 10, 6, 18, 7, 16, 3, 11, 4, 15, 5][14, 8, 2, 9, 1, 13, 0]] PASS
30; [3,3,3,3,3,3,3,4,5] : [[29, 28, 27][26, 25, 23][24, 22, 19][21, 17, 11][20, 10, 6][16, 9, 3][15, 8, 0][13, 4, 12, 1][18, 7, 2, 14, 5]] PASS
30; [8,10,3,3,3,3] : [[29, 28, 27, 26, 24, 22, 25, 21][23, 20, 16, 7, 17, 4, 12, 1, 13, 6][19, 11, 5][18, 9, 2][15, 10, 0][14, 8, 3]] PASS
30; [9,9,3,3,3,3] : [[29, 28, 27, 26, 24, 22, 25, 21, 18][23, 19, 9, 1, 14, 4, 15, 3, 12][20, 11, 6][17, 10, 5][16, 8, 2][13, 7, 0]] PASS
30; [3,3,3,4,4,4,4,5] : [[29, 28, 27][26, 25, 23][24, 22, 19][21, 17, 13, 8][20, 11, 3, 9][18, 6, 16, 4][15, 2, 10, 0][14, 7, 1, 12, 5]] PASS
30; [9,3,3,3,4,4,4] : [[29, 28, 27, 26, 24, 22, 25, 21, 18][23, 19, 13][17, 9, 4][15, 8, 3][20, 7, 14, 6][16, 5, 11, 2][12, 1, 10, 0]] PASS
30; [8,3,3,3,4,4,5] : [[29, 28, 27, 26, 24, 22, 25, 21][23, 20, 15][19, 11, 7][18, 8, 3][17, 6, 12, 5][14, 4, 10, 1][16, 9, 0, 13, 2]] PASS
30; [3,3,3,4,4,6,7] : [[29, 28, 27][26, 25, 23][24, 22, 19][21, 17, 13, 8][20, 11, 3, 9][18, 6, 16, 5, 12, 4][15, 2, 14, 7, 1, 10, 0]] PASS
30; [3,3,3,4,4,13] : [[29, 28, 27][26, 25, 23][24, 22, 19][21, 17, 13, 8][20, 11, 3, 9][18, 7, 0, 15, 5, 12, 4, 10, 1, 14, 2, 16, 6]] PASS
30; [3,3,3,4,5,5,7] : [[29, 28, 27][26, 25, 23][24, 22, 19][21, 17, 13, 8][20, 11, 5, 18, 6][16, 9, 3, 12, 1][15, 7, 0, 10, 2, 14, 4]] PASS
30; [3,3,3,4,5,6,6] : [[29, 28, 27][26, 25, 23][24, 22, 19][21, 17, 13, 8][20, 12, 6, 18, 4][16, 7, 15, 1, 11, 5][14, 3, 10, 0, 9, 2]] PASS
30; [4,3,3,3,12,5] : [[29, 28, 27, 26][25, 23, 21][24, 20, 17][22, 19, 9][18, 8, 16, 5, 14, 6, 11, 0, 12, 3, 10, 4][15, 2, 7, 13, 1]] PASS
30; [3,3,3,11,4,6] : [[29, 28, 27][26, 25, 23][24, 22, 19][21, 17, 13, 20, 8, 18, 7, 16, 5, 12, 6][15, 3, 11, 2][14, 1, 9, 4, 10, 0]] PASS
30; [10,3,3,3,4,7] : [[29, 28, 27, 26, 24, 22, 25, 21, 18, 23][20, 14, 7][19, 10, 6][17, 9, 3][12, 2, 11, 0][16, 4, 15, 5, 13, 8, 1]] PASS
30; [8,9,3,3,3,4] : [[29, 28, 27, 26, 24, 22, 25, 21][23, 20, 16, 11, 6, 19, 7, 17, 5][18, 10, 3][15, 9, 0][14, 8, 1][13, 4, 12, 2]] PASS
30; [17,3,3,3,4] : [[29, 28, 27, 26, 24, 22, 25, 21, 18, 23, 19, 8, 20, 6, 16, 3, 11][17, 10, 5][15, 9, 0][14, 7, 1][13, 4, 12, 2]] PASS
30; [3,3,3,5,5,5,6] : [[29, 28, 27][26, 25, 23][24, 22, 19][21, 17, 13, 7, 12][20, 9, 3, 18, 6][15, 8, 0, 10, 2][16, 5, 14, 1, 11, 4]] PASS
30; [3,3,3,11,5,5] : [[29, 28, 27][26, 25, 23][24, 22, 19][21, 17, 13, 8, 20, 11, 5, 15, 2, 14, 6][18, 7, 1, 12, 4][16, 9, 0, 10, 3]] PASS
30; [10,3,3,3,5,6] : [[29, 28, 27, 26, 24, 22, 25, 21, 18, 23][20, 14, 7][19, 10, 6][17, 9, 3][13, 8, 1, 11, 2][16, 5, 15, 0, 12, 4]] PASS
30; [9,3,3,3,5,7] : [[29, 28, 27, 26, 24, 22, 25, 21, 18][23, 19, 11][20, 10, 5][17, 9, 4][16, 7, 0, 12, 1][15, 6, 13, 3, 14, 8, 2]] PASS
30; [8,8,3,3,3,5] : [[29, 28, 27, 26, 24, 22, 25, 21][23, 20, 16, 8, 17, 5, 15, 7][19, 10, 4][14, 9, 2][12, 6, 1][18, 11, 0, 13, 3]] PASS
30; [16,3,3,3,5] : [[29, 28, 27, 26, 24, 22, 25, 21, 18, 23, 17, 7, 19, 5, 15, 4][16, 10, 3][14, 9, 1][12, 8, 0][20, 11, 2, 13, 6]] PASS
30; [3,3,3,3,3,3,4,4,4] : [[29, 28, 27][26, 25, 23][24, 22, 19][21, 17, 12][20, 9, 5][14, 7, 1][18, 8, 15, 6][16, 4, 10, 2][13, 3, 11, 0]] PASS
30; [9,3,3,3,6,6] : [[29, 28, 27, 26, 24, 22, 25, 21, 18][23, 19, 13][17, 9, 4][16, 8, 2][20, 7, 14, 3, 15, 6][12, 5, 10, 1, 11, 0]] PASS
30; [8,3,3,3,6,7] : [[29, 28, 27, 26, 24, 22, 25, 21][23, 20, 15][19, 11, 7][18, 9, 3][14, 1, 12, 5, 10, 0][17, 8, 2, 13, 6, 16, 4]] PASS
30; [3,3,3,6,15] : [[29, 28, 27][26, 25, 23][24, 22, 19][21, 17, 13, 8, 20, 10][18, 7, 1, 16, 6, 15, 2, 14, 0, 9, 3, 11, 4, 12, 5]] PASS
30; [3,3,3,7,7,7] : [[29, 28, 27][26, 25, 23][24, 22, 19][21, 17, 13, 8, 20, 5, 11][18, 9, 3, 10, 2, 15, 4][16, 7, 0, 12, 1, 14, 6]] PASS
30; [3,3,3,14,7] : [[29, 28, 27][26, 25, 23][24, 22, 19][21, 17, 13, 8, 20, 11, 5, 18, 9, 3, 10, 2, 16, 6][15, 7, 0, 12, 1, 14, 4]] PASS
30; [8,3,3,3,13] : [[29, 28, 27, 26, 24, 22, 25, 21][23, 20, 15][19, 11, 7][18, 9, 4][17, 8, 2, 13, 0, 10, 3, 14, 1, 16, 6, 12, 5]] PASS
30; [9,3,3,3,12] : [[29, 28, 27, 26, 24, 22, 25, 21, 18][23, 19, 13][17, 9, 4][16, 8, 2][20, 7, 14, 5, 15, 3, 10, 1, 12, 0, 11, 6]] PASS
30; [3,3,3,10,11] : [[29, 28, 27][26, 25, 23][24, 22, 19][21, 17, 13, 8, 20, 11, 5, 18, 3, 9][16, 6, 15, 4, 12, 1, 14, 7, 0, 10, 2]] PASS
30; [3,3,3,21] : [[29, 28, 27][26, 25, 23][24, 22, 19][21, 17, 13, 20, 8, 18, 7, 16, 5, 15, 2, 11, 3, 10, 4, 9, 1, 14, 0, 12, 6]] PASS
30; [3,3,4,4,4,4,4,4] : [[29, 28, 27][26, 25, 23][24, 22, 19, 15][21, 17, 12, 7][20, 10, 3, 9][18, 6, 14, 5][16, 4, 11, 1][13, 2, 8, 0]] PASS
30; [8,3,3,3,3,3,3,4] : [[29, 28, 27, 26, 24, 22, 25, 21][23, 20, 13][19, 11, 5][18, 10, 6][17, 8, 3][16, 9, 0][12, 7, 1][15, 4, 14, 2]] PASS
30; [8,3,3,4,4,4,4] : [[29, 28, 27, 26, 24, 22, 25, 21][23, 20, 16][19, 10, 5][18, 8, 17, 6][15, 7, 13, 0][14, 2, 12, 1][11, 4, 9, 3]] PASS
30; [3,3,4,4,4,5,7] : [[29, 28, 27][26, 25, 23][24, 22, 19, 15][21, 17, 12, 7][20, 8, 18, 5][14, 6, 0, 11, 1][16, 9, 3, 10, 2, 13, 4]] PASS
30; [3,3,4,4,4,6,6] : [[29, 28, 27][26, 25, 23][24, 22, 19, 15][21, 17, 12, 7][20, 9, 16, 6][18, 5, 11, 3, 14, 2][13, 4, 10, 0, 8, 1]] PASS
30; [12,3,3,4,4,4] : [[29, 28, 27, 26, 24, 22, 25, 21, 18, 23, 19, 11][17, 8, 2][14, 9, 1][20, 7, 13, 6][16, 5, 15, 4][12, 3, 10, 0]] PASS
30; [3,3,4,4,5,5,6] : [[29, 28, 27][26, 25, 23][24, 22, 19, 15][21, 17, 12, 7][20, 9, 2, 16, 3][18, 8, 1, 14, 6][13, 5, 11, 0, 10, 4]] PASS
30; [3,3,11,4,4,5] : [[29, 28, 27][26, 25, 23][24, 22, 19, 15, 21, 17, 12, 7, 14, 3, 9][20, 5, 16, 4][11, 2, 10, 1][18, 8, 0, 13, 6]] PASS
30; [10,3,3,4,4,6] : [[29, 28, 27, 26, 24, 22, 25, 21, 18, 23][20, 16, 8][17, 9, 3][19, 6, 15, 4][14, 7, 13, 1][12, 5, 10, 0, 11, 2]] PASS
30; [9,3,3,4,4,7] : [[29, 28, 27, 26, 24, 22, 25, 21, 18][23, 19, 13][17, 9, 4][20, 7, 16, 6][12, 5, 11, 0][15, 8, 3, 14, 2, 10, 1]] PASS
30; [8,8,3,3,4,4] : [[29, 28, 27, 26, 24, 22, 25, 21][23, 20, 16, 11, 19, 10, 4, 9][15, 8, 0][14, 7, 1][18, 6, 17, 5][13, 3, 12, 2]] PASS
30; [16,3,3,4,4] : [[29, 28, 27, 26, 24, 22, 25, 21, 18, 23, 19, 12, 4, 11, 1, 10][15, 9, 3][13, 8, 0][20, 7, 17, 6][16, 5, 14, 2]] PASS
30; [3,3,3,3,3,3,5,7] : [[29, 28, 27][26, 25, 23][24, 22, 19][21, 17, 11][20, 10, 6][18, 9, 3][16, 8, 0, 12, 5][15, 4, 13, 1, 14, 7, 2]] PASS
30; [3,3,4,5,5,5,5] : [[29, 28, 27][26, 25, 23][24, 22, 19, 15][21, 17, 11, 5, 10][20, 8, 0, 13, 6][18, 7, 2, 12, 3][16, 9, 1, 14, 4]] PASS
30; [10,3,3,4,5,5] : [[29, 28, 27, 26, 24, 22, 25, 21, 18, 23][20, 14, 7][19, 10, 6][17, 5, 16, 2][15, 9, 1, 11, 4][13, 8, 0, 12, 3]] PASS
30; [9,3,3,4,5,6] : [[29, 28, 27, 26, 24, 22, 25, 21, 18][23, 19, 13][17, 9, 4][20, 7, 16, 6][15, 8, 1, 12, 3][14, 2, 10, 5, 11, 0]] PASS
30; [8,3,3,4,5,7] : [[29, 28, 27, 26, 24, 22, 25, 21][23, 20, 15][19, 11, 7][18, 6, 16, 5][17, 8, 1, 12, 2][14, 9, 3, 10, 4, 13, 0]] PASS
30; [3,3,4,5,15] : [[29, 28, 27][26, 25, 23][24, 22, 19, 15][21, 17, 12, 6, 11][20, 8, 2, 13, 5, 18, 4, 16, 1, 9, 0, 10, 3, 14, 7]] PASS
30; [8,3,3,4,6,6] : [[29, 28, 27, 26, 24, 22, 25, 21][23, 20, 16][19, 10, 5][18, 8, 17, 6][15, 4, 12, 7, 13, 0][14, 2, 9, 3, 11, 1]] PASS
30; [3,3,4,6,7,7] : [[29, 28, 27][26, 25, 23][24, 22, 19, 15][21, 17, 12, 7, 20, 8][18, 9, 3, 10, 2, 14, 4][16, 5, 13, 6, 0, 11, 1]] PASS
30; [3,3,4,14,6] : [[29, 28, 27][26, 25, 23][24, 22, 19, 15][21, 17, 12, 7, 20, 11, 5, 16, 1, 9, 3, 10, 0, 8][18, 6, 13, 2, 14, 4]] PASS
30; [3,3,4,13,7] : [[29, 28, 27][26, 25, 23][24, 22, 19, 15][21, 17, 12, 7, 20, 11, 0, 14, 3, 10, 4, 16, 6][18, 8, 2, 9, 1, 13, 5]] PASS
30; [8,4,3,3,12] : [[29, 28, 27, 26, 24, 22, 25, 21][23, 20, 16, 11][19, 12, 7][14, 8, 1][18, 5, 13, 3, 9, 0, 10, 2, 17, 6, 15, 4]] PASS
30; [3,3,3,3,3,3,6,6] : [[29, 28, 27][26, 25, 23][24, 22, 19][21, 17, 12][20, 10, 6][15, 8, 2][18, 7, 14, 4, 16, 3][13, 5, 11, 0, 9, 1]] PASS
30; [3,3,9,11,4] : [[29, 28, 27][26, 25, 23][24, 22, 19, 15, 21, 17, 12, 6, 11][20, 8, 1, 9, 2, 10, 0, 13, 3, 14, 5][18, 7, 16, 4]] PASS
30; [10,10,3,3,4] : [[29, 28, 27, 26, 24, 22, 25, 21, 18, 23][20, 14, 10, 5, 16, 4, 13, 6, 19, 7][17, 9, 3][15, 8, 0][12, 2, 11, 1]] PASS
30; [20,3,3,4] : [[29, 28, 27, 26, 24, 22, 25, 21, 18, 23, 19, 12, 6, 20, 7, 16, 5, 15, 3, 10][17, 9, 4][14, 8, 0][13, 2, 11, 1]] PASS
30; [9,3,3,5,5,5] : [[29, 28, 27, 26, 24, 22, 25, 21, 18][23, 19, 11][20, 10, 5][17, 9, 4, 13, 6][16, 7, 1, 14, 3][15, 8, 2, 12, 0]] PASS
30; [8,3,3,5,5,6] : [[29, 28, 27, 26, 24, 22, 25, 21][23, 20, 15][19, 11, 7][18, 9, 2, 12, 3][14, 8, 1, 13, 0][17, 6, 16, 5, 10, 4]] PASS
30; [3,3,5,5,7,7] : [[29, 28, 27][26, 25, 23][24, 22, 19, 15, 20][21, 11, 6, 18, 7][17, 9, 3, 10, 1, 16, 4][14, 8, 0, 13, 2, 12, 5]] PASS
30; [3,3,5,5,14] : [[29, 28, 27][26, 25, 23][24, 22, 19, 15, 20][21, 12, 7, 18, 8][17, 6, 16, 4, 11, 5, 14, 0, 13, 1, 9, 3, 10, 2]] PASS
30; [3,3,5,6,6,7] : [[29, 28, 27][26, 25, 23][24, 22, 19, 15, 20][21, 11, 6, 18, 3, 9][17, 7, 16, 5, 12, 4][14, 8, 1, 10, 2, 13, 0]] PASS
30; [3,3,13,6,5] : [[29, 28, 27][26, 25, 23][24, 22, 19, 15, 21, 17, 12, 7, 20, 6, 14, 3, 10][16, 5, 11, 1, 13, 4][18, 8, 0, 9, 2]] PASS
30; [3,3,12,5,7] : [[29, 28, 27][26, 25, 23][24, 22, 19, 15, 21, 17, 12, 5, 18, 6, 20, 9][16, 7, 2, 13, 4][14, 8, 0, 10, 3, 11, 1]] PASS
30; [3,3,3,3,3,3,12] : [[29, 28, 27][26, 25, 23][24, 22, 19][21, 17, 12][20, 10, 6][16, 8, 1][18, 7, 15, 3, 9, 2, 14, 4, 13, 0, 11, 5]] PASS
30; [8,3,3,11,5] : [[29, 28, 27, 26, 24, 22, 25, 21][23, 20, 15][19, 11, 7][18, 9, 4, 17, 6, 13, 3, 10, 1, 16, 5][14, 8, 2, 12, 0]] PASS
30; [9,10,3,3,5] : [[29, 28, 27, 26, 24, 22, 25, 21, 18][23, 19, 14, 6, 17, 3, 12, 4, 16, 7][15, 9, 2][13, 8, 1][20, 10, 0, 11, 5]] PASS
30; [3,3,19,5] : [[29, 28, 27][26, 25, 23][24, 22, 19, 15, 21, 17, 12, 7, 20, 8, 18, 5, 16, 4, 11, 2, 10, 1, 9][14, 3, 13, 6, 0]] PASS
30; [3,3,6,6,6,6] : [[29, 28, 27][26, 25, 23][24, 22, 19, 15, 21, 16][20, 8, 18, 7, 17, 5][14, 1, 12, 4, 13, 0][11, 6, 10, 3, 9, 2]] PASS
30; [3,3,12,6,6] : [[29, 28, 27][26, 25, 23][24, 22, 19, 15, 21, 17, 12, 7, 20, 10, 3, 9][18, 6, 16, 5, 13, 4][14, 2, 11, 0, 8, 1]] PASS
30; [3,3,11,6,7] : [[29, 28, 27][26, 25, 23][24, 22, 19, 15, 21, 17, 12, 7, 20, 4, 10][14, 3, 11, 2, 9, 0][18, 8, 1, 13, 5, 16, 6]] PASS
30; [8,10,3,3,6] : [[29, 28, 27, 26, 24, 22, 25, 21][23, 20, 16, 11, 19, 10, 4, 12, 0, 9][18, 8, 3][14, 7, 1][17, 6, 13, 2, 15, 5]] PASS
30; [9,9,3,3,6] : [[29, 28, 27, 26, 24, 22, 25, 21, 18][23, 19, 14, 8, 1, 13, 6, 16, 7][20, 10, 5][17, 9, 3][15, 4, 12, 0, 11, 2]] PASS
30; [18,3,3,6] : [[29, 28, 27, 26, 24, 22, 25, 21, 18, 23, 19, 12, 4, 11, 0, 13, 1, 10][16, 8, 2][14, 9, 3][20, 7, 17, 5, 15, 6]] PASS
30; [10,3,3,7,7] : [[29, 28, 27, 26, 24, 22, 25, 21, 18, 23][20, 14, 7][19, 10, 6][17, 9, 4, 16, 5, 13, 3][15, 8, 2, 11, 1, 12, 0]] PASS
30; [3,3,3,3,3,4,4,7] : [[29, 28, 27][26, 25, 23][24, 22, 19][21, 17, 12][20, 10, 6][18, 7, 16, 3][15, 5, 11, 4][14, 8, 0, 13, 1, 9, 2]] PASS
